Using pre-set license
Built from '2020.3/staging' branch; Version is '2020.3.3f1 (76626098c1c4) revision 7758432'; Using compiler version '192528614'; Build Type 'Release'
OS: 'Windows 10 Pro; OS build 19042.985; Version 2009; 64bit' Language: 'zh' Physical Memory: 16311 MB
BatchMode: 1, IsHumanControllingUs: 0, StartBugReporterOnCrash: 0, Is64bit: 1, IsPro: 0

 COMMAND LINE ARGUMENTS:
C:\Program Files\Unity\Hub\Editor\2020.3.3f1\Editor\Unity.exe
-adb2
-batchMode
-noUpm
-name
AssetImportWorker0
-projectPath
E:/AiCar GitHub/AICarr KaRi
-logFile
Logs/AssetImportWorker0.log
-srvPort
58038
Successfully changed project path to: E:/AiCar GitHub/AICarr KaRi
E:/AiCar GitHub/AICarr KaRi
Using Asset Import Pipeline V2.
Refreshing native plugins compatible for Editor in 22.97 ms, found 0 plugins.
Preloading 0 native plugins for Editor in 0.00 ms.
Initialize engine version: 2020.3.3f1 (76626098c1c4)
[Subsystems] Discovering subsystems at path C:/Program Files/Unity/Hub/Editor/2020.3.3f1/Editor/Data/Resources/UnitySubsystems
[Subsystems] Discovering subsystems at path E:/AiCar GitHub/AICarr KaRi/Assets
GfxDevice: creating device client; threaded=0
Direct3D:
    Version:  Direct3D 11.0 [level 11.1]
    Renderer: AMD Radeon RX 6700 XT (ID=0x73df)
    Vendor:   
    VRAM:     12244 MB
    Driver:   27.20.21002.112
Initialize mono
Mono path[0] = 'C:/Program Files/Unity/Hub/Editor/2020.3.3f1/Editor/Data/Managed'
Mono path[1] = 'C:/Program Files/Unity/Hub/Editor/2020.3.3f1/Editor/Data/MonoBleedingEdge/lib/mono/unityjit'
Mono config path = 'C:/Program Files/Unity/Hub/Editor/2020.3.3f1/Editor/Data/MonoBleedingEdge/etc'
Using monoOptions --debugger-agent=transport=dt_socket,embedding=1,server=y,suspend=n,address=127.0.0.1:56692
Begin MonoManager ReloadAssembly
Registering precompiled unity dll's ...
Register platform support module: C:/Program Files/Unity/Hub/Editor/2020.3.3f1/Editor/Data/PlaybackEngines/WindowsStandaloneSupport/UnityEditor.WindowsStandalone.Extensions.dll
Registered in 0.003746 seconds.
Native extension for WindowsStandalone target not found
Refreshing native plugins compatible for Editor in 22.96 ms, found 0 plugins.
Preloading 0 native plugins for Editor in 0.00 ms.
Invoked RoslynAnalysisRunner static constructor.
RoslynAnalysisRunner will not be running.
RoslynAnalysisRunner has terminated.
Mono: successfully reloaded assembly
- Completed reload, in  1.174 seconds
Platform modules already initialized, skipping
Registering precompiled user dll's ...
Registered in 0.000584 seconds.
Begin MonoManager ReloadAssembly
Native extension for WindowsStandalone target not found
Refreshing native plugins compatible for Editor in 0.33 ms, found 0 plugins.
Preloading 0 native plugins for Editor in 0.00 ms.
Invoked RoslynAnalysisRunner static constructor.
RoslynAnalysisRunner will not be running.
RoslynAnalysisRunner has terminated.
Mono: successfully reloaded assembly
- Completed reload, in  0.700 seconds
Platform modules already initialized, skipping
========================================================================
Worker process is ready to serve import requests
Launched and connected shader compiler UnityShaderCompiler.exe after 0.04 seconds
Refreshing native plugins compatible for Editor in 0.35 ms, found 0 plugins.
Preloading 0 native plugins for Editor in 0.00 ms.
Unloading 1260 Unused Serialized files (Serialized files now loaded: 0)
System memory in use before: 88.7 MB.
System memory in use after: 88.4 MB.

Unloading 12 unused Assets to reduce memory usage. Loaded Objects now: 1727.
Total: 1.902000 ms (FindLiveObjects: 0.218200 ms CreateObjectMapping: 0.048700 ms MarkObjects: 1.345800 ms  DeleteObjects: 0.288500 ms)

========================================================================
Received Import Request.
  path: Assets/Script/Car.cs
  artifactKey: Guid(a52a53abf5b3c4c498ba17630690cebd) Importer(815301076,1909f56bfc062723c751e8b465ee728b)
Start importing Assets/Script/Car.cs using Guid(a52a53abf5b3c4c498ba17630690cebd) Importer(815301076,1909f56bfc062723c751e8b465ee728b)  -> (artifact id: '530ada2c18a59003296e0c196c9d3244') in 0.028526 seconds
  Import took 0.030493 seconds .

========================================================================
Received Prepare
Refreshing native plugins compatible for Editor in 0.79 ms, found 0 plugins.
Preloading 0 native plugins for Editor in 0.00 ms.
Unloading 5 Unused Serialized files (Serialized files now loaded: 0)
System memory in use before: 62.0 MB.
System memory in use after: 61.7 MB.

Unloading 5 unused Assets to reduce memory usage. Loaded Objects now: 1727.
Total: 2.277200 ms (FindLiveObjects: 0.186100 ms CreateObjectMapping: 0.049200 ms MarkObjects: 1.584200 ms  DeleteObjects: 0.456800 ms)

========================================================================
Received Import Request.
  Time since last request: 9037.801028 seconds.
  path: Assets/StreamingAssets/Car.txt
  artifactKey: Guid(04dcaac7d7650944cacf5df5b23a38c4) Importer(815301076,1909f56bfc062723c751e8b465ee728b)
Start importing Assets/StreamingAssets/Car.txt using Guid(04dcaac7d7650944cacf5df5b23a38c4) Importer(815301076,1909f56bfc062723c751e8b465ee728b)  -> (artifact id: '791ff7f776ea68ff733bec325368e450') in 0.018411 seconds
  Import took 0.022503 seconds .

========================================================================
Received Import Request.
  Time since last request: 15.490830 seconds.
  path: Assets/StreamingAssets/备份.txt
  artifactKey: Guid(b11d8a4856c1d0145994f74736ef667f) Importer(815301076,1909f56bfc062723c751e8b465ee728b)
Start importing Assets/StreamingAssets/备份.txt using Guid(b11d8a4856c1d0145994f74736ef667f) Importer(815301076,1909f56bfc062723c751e8b465ee728b)  -> (artifact id: '4b7fb11e42a55a76907a3823ba622d20') in 0.002170 seconds
  Import took 0.004241 seconds .

========================================================================
Received Prepare
Registering precompiled user dll's ...
Registered in 0.000903 seconds.
Begin MonoManager ReloadAssembly
Native extension for WindowsStandalone target not found
Refreshing native plugins compatible for Editor in 0.36 ms, found 0 plugins.
Preloading 0 native plugins for Editor in 0.00 ms.
Invoked RoslynAnalysisRunner static constructor.
RoslynAnalysisRunner will not be running.
RoslynAnalysisRunner has terminated.
Mono: successfully reloaded assembly
- Completed reload, in  0.647 seconds
Platform modules already initialized, skipping
Refreshing native plugins compatible for Editor in 0.34 ms, found 0 plugins.
Preloading 0 native plugins for Editor in 0.00 ms.
Unloading 1234 Unused Serialized files (Serialized files now loaded: 0)
System memory in use before: 86.5 MB.
System memory in use after: 86.2 MB.

Unloading 7 unused Assets to reduce memory usage. Loaded Objects now: 1730.
Total: 2.535600 ms (FindLiveObjects: 0.192300 ms CreateObjectMapping: 0.037800 ms MarkObjects: 1.953600 ms  DeleteObjects: 0.351200 ms)

========================================================================
Received Prepare
Registering precompiled user dll's ...
Registered in 0.000489 seconds.
Begin MonoManager ReloadAssembly
Native extension for WindowsStandalone target not found
Refreshing native plugins compatible for Editor in 0.33 ms, found 0 plugins.
Preloading 0 native plugins for Editor in 0.00 ms.
Invoked RoslynAnalysisRunner static constructor.
RoslynAnalysisRunner will not be running.
RoslynAnalysisRunner has terminated.
Mono: successfully reloaded assembly
- Completed reload, in  0.584 seconds
Platform modules already initialized, skipping
Refreshing native plugins compatible for Editor in 0.33 ms, found 0 plugins.
Preloading 0 native plugins for Editor in 0.00 ms.
Unloading 1234 Unused Serialized files (Serialized files now loaded: 0)
System memory in use before: 86.6 MB.
System memory in use after: 86.3 MB.

Unloading 7 unused Assets to reduce memory usage. Loaded Objects now: 1733.
Total: 2.415800 ms (FindLiveObjects: 0.264700 ms CreateObjectMapping: 0.054000 ms MarkObjects: 1.801900 ms  DeleteObjects: 0.294500 ms)

========================================================================
Received Import Request.
  Time since last request: 10831.404441 seconds.
  path: Assets/StreamingAssets/Car.txt
  artifactKey: Guid(04dcaac7d7650944cacf5df5b23a38c4) Importer(815301076,1909f56bfc062723c751e8b465ee728b)
Start importing Assets/StreamingAssets/Car.txt using Guid(04dcaac7d7650944cacf5df5b23a38c4) Importer(815301076,1909f56bfc062723c751e8b465ee728b)  -> (artifact id: 'bce30027945535729ea97b60d5589bcb') in 0.008434 seconds
  Import took 0.010772 seconds .

========================================================================
Received Prepare
Registering precompiled user dll's ...
Registered in 0.000635 seconds.
Begin MonoManager ReloadAssembly
Native extension for WindowsStandalone target not found
Refreshing native plugins compatible for Editor in 0.34 ms, found 0 plugins.
Preloading 0 native plugins for Editor in 0.00 ms.
Invoked RoslynAnalysisRunner static constructor.
RoslynAnalysisRunner will not be running.
RoslynAnalysisRunner has terminated.
Mono: successfully reloaded assembly
- Completed reload, in  0.649 seconds
Platform modules already initialized, skipping
Refreshing native plugins compatible for Editor in 0.34 ms, found 0 plugins.
Preloading 0 native plugins for Editor in 0.00 ms.
Unloading 1234 Unused Serialized files (Serialized files now loaded: 0)
System memory in use before: 86.7 MB.
System memory in use after: 86.4 MB.

Unloading 7 unused Assets to reduce memory usage. Loaded Objects now: 1736.
Total: 2.150100 ms (FindLiveObjects: 0.185100 ms CreateObjectMapping: 0.034200 ms MarkObjects: 1.568000 ms  DeleteObjects: 0.362000 ms)

========================================================================
Received Prepare
Registering precompiled user dll's ...
Registered in 0.000628 seconds.
Begin MonoManager ReloadAssembly
Native extension for WindowsStandalone target not found
Refreshing native plugins compatible for Editor in 0.51 ms, found 0 plugins.
Preloading 0 native plugins for Editor in 0.00 ms.
Invoked RoslynAnalysisRunner static constructor.
RoslynAnalysisRunner will not be running.
RoslynAnalysisRunner has terminated.
Mono: successfully reloaded assembly
- Completed reload, in  0.684 seconds
Platform modules already initialized, skipping
Refreshing native plugins compatible for Editor in 0.36 ms, found 0 plugins.
Preloading 0 native plugins for Editor in 0.00 ms.
Unloading 1234 Unused Serialized files (Serialized files now loaded: 0)
System memory in use before: 86.7 MB.
System memory in use after: 86.4 MB.

Unloading 7 unused Assets to reduce memory usage. Loaded Objects now: 1739.
Total: 2.944300 ms (FindLiveObjects: 0.304400 ms CreateObjectMapping: 0.049600 ms MarkObjects: 2.213500 ms  DeleteObjects: 0.375300 ms)

========================================================================
Received Import Request.
  Time since last request: 1156.473245 seconds.
  path: Assets/StreamingAssets/Car.txt
  artifactKey: Guid(04dcaac7d7650944cacf5df5b23a38c4) Importer(815301076,1909f56bfc062723c751e8b465ee728b)
Start importing Assets/StreamingAssets/Car.txt using Guid(04dcaac7d7650944cacf5df5b23a38c4) Importer(815301076,1909f56bfc062723c751e8b465ee728b)  -> (artifact id: '29f258af3f500bd3982e1720a726ecc9') in 0.009350 seconds
  Import took 0.011603 seconds .

AssetImportWorkerClient::OnTransportError - code=2 error=End of file
